TN:
SF:src\app\App.tsx
FN:6,App
FNF:1
FNH:0
FNDA:0,App
DA:7,0
LF:1
LH:0
BRF:0
BRH:0
end_of_record
TN:
SF:src\app\routes.ts
FN:21,(anonymous_0)
FNF:1
FNH:0
FNDA:0,(anonymous_0)
DA:10,0
DA:21,0
LF:2
LH:0
BRF:0
BRH:0
end_of_record
TN:
SF:src\app\components\DesignPrincipleDemo.tsx
FN:32,UnityStage
FN:39,(anonymous_1)
FN:63,DichotomyStage
FN:92,(anonymous_3)
FN:122,HierarchyStage
FN:153,(anonymous_5)
FN:177,(anonymous_6)
FN:214,DesignPrincipleDemo
FN:219,(anonymous_8)
FN:242,(anonymous_9)
FN:243,(anonymous_10)
FN:306,(anonymous_11)
FN:309,(anonymous_12)
FNF:13
FNH:0
FNDA:0,UnityStage
FNDA:0,(anonymous_1)
FNDA:0,DichotomyStage
FNDA:0,(anonymous_3)
FNDA:0,HierarchyStage
FNDA:0,(anonymous_5)
FNDA:0,(anonymous_6)
FNDA:0,DesignPrincipleDemo
FNDA:0,(anonymous_8)
FNDA:0,(anonymous_9)
FNDA:0,(anonymous_10)
FNDA:0,(anonymous_11)
FNDA:0,(anonymous_12)
DA:7,0
DA:13,0
DA:33,0
DA:34,0
DA:40,0
DA:64,0
DA:65,0
DA:66,0
DA:93,0
DA:123,0
DA:125,0
DA:154,0
DA:178,0
DA:215,0
DA:216,0
DA:217,0
DA:219,0
DA:221,0
DA:243,0
DA:307,0
DA:309,0
LF:21
LH:0
BRDA:247,0,0,0
BRDA:247,0,1,0
BRDA:248,1,0,0
BRDA:248,1,1,0
BRDA:253,2,0,0
BRDA:253,2,1,0
BRDA:254,3,0,0
BRDA:254,3,1,0
BRDA:257,4,0,0
BRDA:257,4,1,0
BRDA:298,5,0,0
BRDA:298,5,1,0
BRDA:299,6,0,0
BRDA:299,6,1,0
BRDA:300,7,0,0
BRDA:300,7,1,0
BRDA:312,8,0,0
BRDA:312,8,1,0
BRDA:314,9,0,0
BRDA:314,9,1,0
BRDA:318,10,0,0
BRDA:318,10,1,0
BRDA:325,11,0,0
BRDA:325,11,1,0
BRDA:328,12,0,0
BRDA:328,12,1,0
BRF:26
BRH:0
end_of_record
TN:
SF:src\app\components\VoltSignature.tsx
FN:31,hexToHsl
FN:59,itemToWaveParams
FN:61,(anonymous_2)
FN:73,lerpColor
FN:82,VoltSignature
FN:87,(anonymous_5)
FN:88,(anonymous_6)
FN:90,(anonymous_7)
FN:105,draw
FN:132,(anonymous_9)
FN:235,loop
FN:243,(anonymous_11)
FNF:12
FNH:0
FNDA:0,hexToHsl
FNDA:0,itemToWaveParams
FNDA:0,(anonymous_2)
FNDA:0,lerpColor
FNDA:0,VoltSignature
FNDA:0,(anonymous_5)
FNDA:0,(anonymous_6)
FNDA:0,(anonymous_7)
FNDA:0,draw
FNDA:0,(anonymous_9)
FNDA:0,loop
FNDA:0,(anonymous_11)
DA:32,0
DA:33,0
DA:34,0
DA:35,0
DA:36,0
DA:37,0
DA:38,0
DA:39,0
DA:40,0
DA:41,0
DA:42,0
DA:43,0
DA:44,0
DA:47,0
DA:50,0
DA:60,0
DA:61,0
DA:62,0
DA:74,0
DA:75,0
DA:76,0
DA:77,0
DA:78,0
DA:79,0
DA:83,0
DA:84,0
DA:85,0
DA:87,0
DA:88,0
DA:90,0
DA:91,0
DA:92,0
DA:93,0
DA:94,0
DA:96,0
DA:97,0
DA:98,0
DA:99,0
DA:101,0
DA:102,0
DA:103,0
DA:106,0
DA:109,0
DA:110,0
DA:113,0
DA:114,0
DA:115,0
DA:116,0
DA:117,0
DA:118,0
DA:121,0
DA:122,0
DA:123,0
DA:124,0
DA:125,0
DA:126,0
DA:130,0
DA:132,0
DA:140,0
DA:141,0
DA:142,0
DA:143,0
DA:144,0
DA:145,0
DA:147,0
DA:148,0
DA:150,0
DA:152,0
DA:154,0
DA:156,0
DA:157,0
DA:159,0
DA:160,0
DA:162,0
DA:163,0
DA:164,0
DA:168,0
DA:170,0
DA:173,0
DA:175,0
DA:179,0
DA:180,0
DA:181,0
DA:182,0
DA:183,0
DA:185,0
DA:186,0
DA:187,0
DA:188,0
DA:189,0
DA:190,0
DA:191,0
DA:192,0
DA:193,0
DA:194,0
DA:197,0
DA:198,0
DA:199,0
DA:200,0
DA:202,0
DA:203,0
DA:204,0
DA:206,0
DA:207,0
DA:208,0
DA:212,0
DA:213,0
DA:214,0
DA:215,0
DA:216,0
DA:217,0
DA:218,0
DA:219,0
DA:220,0
DA:221,0
DA:222,0
DA:223,0
DA:227,0
DA:228,0
DA:229,0
DA:230,0
DA:231,0
DA:234,0
DA:236,0
DA:237,0
DA:238,0
DA:239,0
DA:241,0
DA:243,0
DA:244,0
DA:248,0
LF:131
LH:0
BRDA:38,0,0,0
BRDA:38,0,1,0
BRDA:40,1,0,0
BRDA:40,1,1,0
BRDA:41,2,0,0
BRDA:41,2,1,0
BRDA:41,2,2,0
BRDA:42,3,0,0
BRDA:42,3,1,0
BRDA:60,4,0,0
BRDA:60,4,1,0
BRDA:61,5,0,0
BRDA:61,5,1,0
BRDA:74,6,0,0
BRDA:74,6,1,0
BRDA:75,7,0,0
BRDA:75,7,1,0
BRDA:82,8,0,0
BRDA:82,9,0,0
BRDA:92,10,0,0
BRDA:92,10,1,0
BRDA:94,11,0,0
BRDA:94,11,1,0
BRDA:96,12,0,0
BRDA:96,12,1,0
BRDA:157,13,0,0
BRDA:157,13,1,0
BRDA:159,14,0,0
BRDA:159,14,1,0
BRDA:202,15,0,0
BRDA:202,15,1,0
BRDA:236,16,0,0
BRDA:236,16,1,0
BRF:33
BRH:0
end_of_record
TN:
SF:src\app\components\figma\ImageWithFallback.tsx
FN:6,ImageWithFallback
FN:9,(anonymous_1)
FNF:2
FNH:0
FNDA:0,ImageWithFallback
FNDA:0,(anonymous_1)
DA:4,0
DA:7,0
DA:9,0
DA:10,0
DA:13,0
DA:15,0
LF:6
LH:0
BRDA:15,0,0,0
BRDA:15,0,1,0
BRDA:17,1,0,0
BRDA:17,1,1,0
BRF:4
BRH:0
end_of_record
TN:
SF:src\app\context\AppContext.tsx
FN:41,AppProvider
FN:42,(anonymous_1)
FN:47,(anonymous_2)
FN:52,(anonymous_3)
FN:57,(anonymous_4)
FN:61,(anonymous_5)
FN:65,(anonymous_6)
FN:72,(anonymous_7)
FN:75,(anonymous_8)
FN:78,(anonymous_9)
FN:96,(anonymous_10)
FN:99,(anonymous_11)
FN:109,(anonymous_12)
FN:115,(anonymous_13)
FN:117,(anonymous_14)
FN:121,(anonymous_15)
FN:122,(anonymous_16)
FN:122,(anonymous_17)
FN:123,(anonymous_18)
FN:127,(anonymous_19)
FN:128,(anonymous_20)
FN:130,(anonymous_21)
FN:130,(anonymous_22)
FN:133,(anonymous_23)
FN:133,(anonymous_24)
FN:147,useApp
FNF:26
FNH:26
FNDA:69,AppProvider
FNDA:34,(anonymous_1)
FNDA:34,(anonymous_2)
FNDA:34,(anonymous_3)
FNDA:50,(anonymous_4)
FNDA:67,(anonymous_5)
FNDA:33,(anonymous_6)
FNDA:33,(anonymous_7)
FNDA:9,(anonymous_8)
FNDA:2,(anonymous_9)
FNDA:7,(anonymous_10)
FNDA:1,(anonymous_11)
FNDA:6,(anonymous_12)
FNDA:5,(anonymous_13)
FNDA:5,(anonymous_14)
FNDA:5,(anonymous_15)
FNDA:5,(anonymous_16)
FNDA:60,(anonymous_17)
FNDA:16,(anonymous_18)
FNDA:6,(anonymous_19)
FNDA:17,(anonymous_20)
FNDA:6,(anonymous_21)
FNDA:71,(anonymous_22)
FNDA:14,(anonymous_23)
FNDA:67,(anonymous_24)
FNDA:69,useApp
DA:30,1
DA:32,1
DA:39,1
DA:42,69
DA:43,34
DA:44,34
DA:47,69
DA:48,34
DA:49,34
DA:52,69
DA:53,34
DA:54,34
DA:57,69
DA:58,50
DA:61,69
DA:62,67
DA:65,69
DA:66,33
DA:72,33
DA:75,69
DA:76,9
DA:77,9
DA:78,9
DA:79,9
DA:80,1
DA:81,1
DA:82,1
DA:83,1
DA:84,1
DA:86,8
DA:87,6
DA:88,6
DA:89,6
DA:90,6
DA:91,6
DA:93,2
DA:96,69
DA:97,7
DA:98,7
DA:99,7
DA:100,6
DA:101,6
DA:102,6
DA:103,6
DA:104,6
DA:105,6
DA:106,6
DA:109,69
DA:110,6
DA:111,6
DA:112,6
DA:115,69
DA:116,5
DA:117,5
DA:118,5
DA:121,69
DA:122,60
DA:123,16
DA:124,5
DA:127,69
DA:128,17
DA:129,6
DA:130,71
DA:133,69
DA:135,69
DA:148,69
DA:149,69
DA:150,69
LF:68
LH:68
BRDA:44,0,0,1
BRDA:44,0,1,33
BRDA:49,1,0,0
BRDA:49,1,1,34
BRDA:54,2,0,0
BRDA:54,2,1,34
BRDA:77,3,0,2
BRDA:77,3,1,7
BRDA:78,4,0,2
BRDA:78,4,1,2
BRDA:79,5,0,1
BRDA:79,5,1,8
BRDA:86,6,0,6
BRDA:86,6,1,2
BRDA:86,7,0,8
BRDA:86,7,1,6
BRDA:98,8,0,1
BRDA:98,8,1,6
BRDA:99,9,0,1
BRDA:99,9,1,6
BRDA:110,10,0,6
BRDA:110,10,1,0
BRDA:122,11,0,4
BRDA:122,11,1,56
BRDA:124,12,0,4
BRDA:124,12,1,1
BRDA:124,13,0,4
BRDA:124,13,1,1
BRDA:129,14,0,5
BRDA:129,14,1,1
BRDA:149,15,0,0
BRDA:149,15,1,69
BRF:32
BRH:28
end_of_record
TN:
SF:src\app\pages\AuthPage.tsx
FN:7,AuthPage
FN:22,(anonymous_1)
FN:24,(anonymous_2)
FN:69,(anonymous_3)
FN:107,(anonymous_4)
FN:108,(anonymous_5)
FN:132,(anonymous_6)
FN:140,(anonymous_7)
FN:141,(anonymous_8)
FN:151,(anonymous_9)
FN:159,(anonymous_10)
FN:160,(anonymous_11)
FN:172,(anonymous_12)
FN:180,(anonymous_13)
FN:181,(anonymous_14)
FN:183,(anonymous_15)
FNF:16
FNH:0
FNDA:0,AuthPage
FNDA:0,(anonymous_1)
FNDA:0,(anonymous_2)
FNDA:0,(anonymous_3)
FNDA:0,(anonymous_4)
FNDA:0,(anonymous_5)
FNDA:0,(anonymous_6)
FNDA:0,(anonymous_7)
FNDA:0,(anonymous_8)
FNDA:0,(anonymous_9)
FNDA:0,(anonymous_10)
FNDA:0,(anonymous_11)
FNDA:0,(anonymous_12)
FNDA:0,(anonymous_13)
FNDA:0,(anonymous_14)
FNDA:0,(anonymous_15)
DA:8,0
DA:9,0
DA:10,0
DA:11,0
DA:12,0
DA:13,0
DA:14,0
DA:15,0
DA:17,0
DA:18,0
DA:19,0
DA:22,0
DA:24,0
DA:25,0
DA:26,0
DA:28,0
DA:29,0
DA:30,0
DA:32,0
DA:33,0
DA:34,0
DA:35,0
DA:37,0
DA:38,0
DA:39,0
DA:40,0
DA:41,0
DA:45,0
DA:70,0
DA:108,0
DA:132,0
DA:140,0
DA:141,0
DA:151,0
DA:159,0
DA:160,0
DA:172,0
DA:180,0
DA:181,0
DA:183,0
LF:40
LH:0
BRDA:17,0,0,0
BRDA:17,0,1,0
BRDA:28,1,0,0
BRDA:28,1,1,0
BRDA:29,2,0,0
BRDA:29,2,1,0
BRDA:30,3,0,0
BRDA:30,3,1,0
BRDA:32,4,0,0
BRDA:32,4,1,0
BRDA:34,5,0,0
BRDA:34,5,1,0
BRDA:37,6,0,0
BRDA:37,6,1,0
BRDA:38,7,0,0
BRDA:38,7,1,0
BRDA:40,8,0,0
BRDA:40,8,1,0
BRDA:75,9,0,0
BRDA:75,9,1,0
BRDA:75,10,0,0
BRDA:75,10,1,0
BRDA:111,11,0,0
BRDA:111,11,1,0
BRDA:112,12,0,0
BRDA:112,12,1,0
BRDA:145,13,0,0
BRDA:145,13,1,0
BRDA:171,14,0,0
BRDA:171,14,1,0
BRDA:186,15,0,0
BRDA:186,15,1,0
BRDA:191,16,0,0
BRDA:191,16,1,0
BRDA:209,17,0,0
BRDA:209,17,1,0
BRDA:212,18,0,0
BRDA:212,18,1,0
BRF:38
BRH:0
end_of_record
TN:
SF:src\app\pages\Catalog.tsx
FN:27,validateForm
FN:65,(anonymous_1)
FN:73,Catalog
FN:88,(anonymous_3)
FN:90,(anonymous_4)
FN:91,(anonymous_5)
FN:92,(anonymous_6)
FN:103,(anonymous_7)
FN:104,(anonymous_8)
FN:106,(anonymous_9)
FN:115,(anonymous_10)
FN:116,(anonymous_11)
FN:120,(anonymous_12)
FN:150,(anonymous_13)
FN:156,(anonymous_14)
FN:161,(anonymous_15)
FN:162,(anonymous_16)
FN:178,(anonymous_17)
FN:183,(anonymous_18)
FN:187,(anonymous_19)
FN:191,(anonymous_20)
FN:201,(anonymous_21)
FN:260,(anonymous_22)
FN:267,(anonymous_23)
FN:271,(anonymous_24)
FN:277,(anonymous_25)
FN:307,(anonymous_26)
FN:307,(anonymous_27)
FN:312,(anonymous_28)
FN:312,(anonymous_29)
FN:313,(anonymous_30)
FN:324,(anonymous_31)
FN:324,(anonymous_32)
FN:339,(anonymous_33)
FN:347,(anonymous_34)
FN:362,(anonymous_35)
FN:367,(anonymous_36)
FN:367,(anonymous_37)
FN:376,(anonymous_38)
FN:376,(anonymous_39)
FN:379,(anonymous_40)
FN:385,(anonymous_41)
FN:385,(anonymous_42)
FN:388,(anonymous_43)
FN:394,(anonymous_44)
FN:394,(anonymous_45)
FN:403,(anonymous_46)
FN:403,(anonymous_47)
FN:407,(anonymous_48)
FN:407,(anonymous_49)
FN:414,(anonymous_50)
FNF:51
FNH:0
FNDA:0,validateForm
FNDA:0,(anonymous_1)
FNDA:0,Catalog
FNDA:0,(anonymous_3)
FNDA:0,(anonymous_4)
FNDA:0,(anonymous_5)
FNDA:0,(anonymous_6)
FNDA:0,(anonymous_7)
FNDA:0,(anonymous_8)
FNDA:0,(anonymous_9)
FNDA:0,(anonymous_10)
FNDA:0,(anonymous_11)
FNDA:0,(anonymous_12)
FNDA:0,(anonymous_13)
FNDA:0,(anonymous_14)
FNDA:0,(anonymous_15)
FNDA:0,(anonymous_16)
FNDA:0,(anonymous_17)
FNDA:0,(anonymous_18)
FNDA:0,(anonymous_19)
FNDA:0,(anonymous_20)
FNDA:0,(anonymous_21)
FNDA:0,(anonymous_22)
FNDA:0,(anonymous_23)
FNDA:0,(anonymous_24)
FNDA:0,(anonymous_25)
FNDA:0,(anonymous_26)
FNDA:0,(anonymous_27)
FNDA:0,(anonymous_28)
FNDA:0,(anonymous_29)
FNDA:0,(anonymous_30)
FNDA:0,(anonymous_31)
FNDA:0,(anonymous_32)
FNDA:0,(anonymous_33)
FNDA:0,(anonymous_34)
FNDA:0,(anonymous_35)
FNDA:0,(anonymous_36)
FNDA:0,(anonymous_37)
FNDA:0,(anonymous_38)
FNDA:0,(anonymous_39)
FNDA:0,(anonymous_40)
FNDA:0,(anonymous_41)
FNDA:0,(anonymous_42)
FNDA:0,(anonymous_43)
FNDA:0,(anonymous_44)
FNDA:0,(anonymous_45)
FNDA:0,(anonymous_46)
FNDA:0,(anonymous_47)
FNDA:0,(anonymous_48)
FNDA:0,(anonymous_49)
FNDA:0,(anonymous_50)
DA:12,0
DA:13,0
DA:28,0
DA:29,0
DA:30,0
DA:32,0
DA:34,0
DA:36,0
DA:37,0
DA:39,0
DA:41,0
DA:42,0
DA:44,0
DA:45,0
DA:47,0
DA:49,0
DA:50,0
DA:52,0
DA:53,0
DA:55,0
DA:56,0
DA:58,0
DA:59,0
DA:61,0
DA:65,0
DA:74,0
DA:75,0
DA:76,0
DA:77,0
DA:78,0
DA:79,0
DA:80,0
DA:81,0
DA:82,0
DA:83,0
DA:84,0
DA:86,0
DA:88,0
DA:89,0
DA:90,0
DA:91,0
DA:92,0
DA:93,0
DA:94,0
DA:95,0
DA:97,0
DA:100,0
DA:101,0
DA:103,0
DA:104,0
DA:106,0
DA:107,0
DA:108,0
DA:109,0
DA:110,0
DA:111,0
DA:112,0
DA:115,0
DA:116,0
DA:117,0
DA:120,0
DA:121,0
DA:126,0
DA:150,0
DA:156,0
DA:162,0
DA:178,0
DA:183,0
DA:187,0
DA:191,0
DA:202,0
DA:260,0
DA:267,0
DA:271,0
DA:277,0
DA:307,0
DA:312,0
DA:313,0
DA:324,0
DA:339,0
DA:347,0
DA:363,0
DA:367,0
DA:376,0
DA:379,0
DA:385,0
DA:388,0
DA:394,0
DA:403,0
DA:407,0
DA:414,0
LF:91
LH:0
BRDA:29,0,0,0
BRDA:29,0,1,0
BRDA:30,1,0,0
BRDA:30,1,1,0
BRDA:32,2,0,0
BRDA:32,2,1,0
BRDA:36,3,0,0
BRDA:36,3,1,0
BRDA:37,4,0,0
BRDA:37,4,1,0
BRDA:41,5,0,0
BRDA:41,5,1,0
BRDA:41,6,0,0
BRDA:41,6,1,0
BRDA:44,7,0,0
BRDA:44,7,1,0
BRDA:45,8,0,0
BRDA:45,8,1,0
BRDA:49,9,0,0
BRDA:49,9,1,0
BRDA:52,10,0,0
BRDA:52,10,1,0
BRDA:55,11,0,0
BRDA:55,11,1,0
BRDA:55,12,0,0
BRDA:55,12,1,0
BRDA:58,13,0,0
BRDA:58,13,1,0
BRDA:58,14,0,0
BRDA:58,14,1,0
BRDA:86,15,0,0
BRDA:86,15,1,0
BRDA:90,16,0,0
BRDA:90,16,1,0
BRDA:91,17,0,0
BRDA:91,17,1,0
BRDA:91,18,0,0
BRDA:91,18,1,0
BRDA:94,19,0,0
BRDA:94,19,1,0
BRDA:95,20,0,0
BRDA:95,20,1,0
BRDA:109,21,0,0
BRDA:109,21,1,0
BRDA:110,22,0,0
BRDA:110,22,1,0
BRDA:116,23,0,0
BRDA:116,23,1,0
BRDA:116,24,0,0
BRDA:116,24,1,0
BRDA:121,25,0,0
BRDA:121,25,1,0
BRDA:122,26,0,0
BRDA:122,26,1,0
BRDA:122,27,0,0
BRDA:122,27,1,0
BRDA:136,28,0,0
BRDA:136,28,1,0
BRDA:158,29,0,0
BRDA:158,29,1,0
BRDA:158,30,0,0
BRDA:158,30,1,0
BRDA:164,31,0,0
BRDA:164,31,1,0
BRDA:164,32,0,0
BRDA:164,32,1,0
BRDA:207,33,0,0
BRDA:207,33,1,0
BRDA:219,34,0,0
BRDA:219,34,1,0
BRDA:243,35,0,0
BRDA:243,35,1,0
BRDA:243,36,0,0
BRDA:243,36,1,0
BRDA:250,37,0,0
BRDA:250,37,1,0
BRDA:251,38,0,0
BRDA:251,38,1,0
BRDA:252,39,0,0
BRDA:252,39,1,0
BRDA:255,40,0,0
BRDA:255,40,1,0
BRDA:265,41,0,0
BRDA:265,41,1,0
BRDA:292,42,0,0
BRDA:292,42,1,0
BRDA:301,43,0,0
BRDA:301,43,1,0
BRDA:309,44,0,0
BRDA:309,44,1,0
BRDA:316,45,0,0
BRDA:316,45,1,0
BRDA:317,46,0,0
BRDA:317,46,1,0
BRDA:326,47,0,0
BRDA:326,47,1,0
BRDA:335,48,0,0
BRDA:335,48,1,0
BRDA:339,49,0,0
BRDA:339,49,1,0
BRDA:345,50,0,0
BRDA:345,50,1,0
BRDA:366,51,0,0
BRDA:366,51,1,0
BRDA:367,52,0,0
BRDA:367,52,1,0
BRDA:367,53,0,0
BRDA:367,53,1,0
BRDA:370,54,0,0
BRDA:370,54,1,0
BRDA:398,55,0,0
BRDA:398,55,1,0
BRDA:423,56,0,0
BRDA:423,56,1,0
BRF:114
BRH:0
end_of_record
TN:
SF:src\app\pages\Home.tsx
FN:10,timeAgo
FN:30,Home
FN:32,(anonymous_2)
FN:33,(anonymous_3)
FN:58,(anonymous_4)
FN:70,(anonymous_5)
FN:96,(anonymous_6)
FN:136,(anonymous_7)
FN:137,(anonymous_8)
FN:138,(anonymous_9)
FN:168,(anonymous_10)
FN:229,(anonymous_11)
FN:248,(anonymous_12)
FN:285,(anonymous_13)
FNF:14
FNH:0
FNDA:0,timeAgo
FNDA:0,Home
FNDA:0,(anonymous_2)
FNDA:0,(anonymous_3)
FNDA:0,(anonymous_4)
FNDA:0,(anonymous_5)
FNDA:0,(anonymous_6)
FNDA:0,(anonymous_7)
FNDA:0,(anonymous_8)
FNDA:0,(anonymous_9)
FNDA:0,(anonymous_10)
FNDA:0,(anonymous_11)
FNDA:0,(anonymous_12)
FNDA:0,(anonymous_13)
DA:8,0
DA:11,0
DA:12,0
DA:13,0
DA:14,0
DA:15,0
DA:16,0
DA:17,0
DA:18,0
DA:21,0
DA:31,0
DA:32,0
DA:33,0
DA:35,0
DA:59,0
DA:71,0
DA:97,0
DA:136,0
DA:137,0
DA:139,0
DA:169,0
DA:230,0
DA:249,0
DA:286,0
DA:287,0
DA:288,0
LF:26
LH:0
BRDA:15,0,0,0
BRDA:15,0,1,0
BRDA:16,1,0,0
BRDA:16,1,1,0
BRDA:17,2,0,0
BRDA:17,2,1,0
BRDA:79,3,0,0
BRDA:79,3,1,0
BRDA:79,4,0,0
BRDA:79,4,1,0
BRDA:81,5,0,0
BRDA:81,5,1,0
BRDA:185,6,0,0
BRDA:185,6,1,0
BRDA:249,7,0,0
BRDA:249,7,1,0
BRDA:275,8,0,0
BRDA:275,8,1,0
BRF:18
BRH:0
end_of_record
TN:
SF:src\app\pages\ItemDetail.tsx
FN:7,ItemDetail
FN:30,(anonymous_1)
FN:35,(anonymous_2)
FN:40,(anonymous_3)
FN:92,(anonymous_4)
FN:101,(anonymous_5)
FN:106,(anonymous_6)
FN:118,(anonymous_7)
FN:129,(anonymous_8)
FN:129,(anonymous_9)
FN:141,(anonymous_10)
FN:147,(anonymous_11)
FN:147,(anonymous_12)
FN:159,(anonymous_13)
FN:159,(anonymous_14)
FN:176,(anonymous_15)
FN:176,(anonymous_16)
FN:191,(anonymous_17)
FN:203,(anonymous_18)
FN:235,(anonymous_19)
FNF:20
FNH:0
FNDA:0,ItemDetail
FNDA:0,(anonymous_1)
FNDA:0,(anonymous_2)
FNDA:0,(anonymous_3)
FNDA:0,(anonymous_4)
FNDA:0,(anonymous_5)
FNDA:0,(anonymous_6)
FNDA:0,(anonymous_7)
FNDA:0,(anonymous_8)
FNDA:0,(anonymous_9)
FNDA:0,(anonymous_10)
FNDA:0,(anonymous_11)
FNDA:0,(anonymous_12)
FNDA:0,(anonymous_13)
FNDA:0,(anonymous_14)
FNDA:0,(anonymous_15)
FNDA:0,(anonymous_16)
FNDA:0,(anonymous_17)
FNDA:0,(anonymous_18)
FNDA:0,(anonymous_19)
DA:8,0
DA:9,0
DA:10,0
DA:11,0
DA:13,0
DA:14,0
DA:15,0
DA:17,0
DA:18,0
DA:30,0
DA:31,0
DA:32,0
DA:35,0
DA:36,0
DA:37,0
DA:40,0
DA:42,0
DA:92,0
DA:101,0
DA:106,0
DA:118,0
DA:129,0
DA:142,0
DA:147,0
DA:159,0
DA:176,0
DA:192,0
DA:204,0
DA:236,0
LF:29
LH:0
BRDA:14,0,0,0
BRDA:14,0,1,0
BRDA:17,1,0,0
BRDA:17,1,1,0
BRDA:17,2,0,0
BRDA:17,2,1,0
BRDA:40,3,0,0
BRDA:40,3,1,0
BRDA:58,4,0,0
BRDA:58,4,1,0
BRDA:58,5,0,0
BRDA:58,5,1,0
BRDA:60,6,0,0
BRDA:60,6,1,0
BRDA:67,7,0,0
BRDA:67,7,1,0
BRDA:90,8,0,0
BRDA:90,8,1,0
BRDA:96,9,0,0
BRDA:96,9,1,0
BRDA:128,10,0,0
BRDA:128,10,1,0
BRDA:142,11,0,0
BRDA:142,11,1,0
BRDA:145,12,0,0
BRDA:145,12,1,0
BRDA:147,13,0,0
BRDA:147,13,1,0
BRDA:157,14,0,0
BRDA:157,14,1,0
BRDA:159,15,0,0
BRDA:159,15,1,0
BRDA:167,16,0,0
BRDA:167,16,1,0
BRDA:168,17,0,0
BRDA:168,17,1,0
BRDA:175,18,0,0
BRDA:175,18,1,0
BRDA:214,19,0,0
BRDA:214,19,1,0
BRDA:229,20,0,0
BRDA:229,20,1,0
BRF:42
BRH:0
end_of_record
TN:
SF:src\app\pages\Root.tsx
FN:17,Root
FN:23,(anonymous_1)
FN:30,(anonymous_2)
FN:31,(anonymous_3)
FN:35,(anonymous_4)
FN:59,(anonymous_5)
FN:83,(anonymous_6)
FN:127,(anonymous_7)
FN:139,(anonymous_8)
FN:140,(anonymous_9)
FNF:10
FNH:0
FNDA:0,Root
FNDA:0,(anonymous_1)
FNDA:0,(anonymous_2)
FNDA:0,(anonymous_3)
FNDA:0,(anonymous_4)
FNDA:0,(anonymous_5)
FNDA:0,(anonymous_6)
FNDA:0,(anonymous_7)
FNDA:0,(anonymous_8)
FNDA:0,(anonymous_9)
DA:10,0
DA:18,0
DA:19,0
DA:20,0
DA:21,0
DA:23,0
DA:24,0
DA:25,0
DA:30,0
DA:31,0
DA:33,0
DA:35,0
DA:36,0
DA:37,0
DA:40,0
DA:60,0
DA:61,0
DA:84,0
DA:127,0
DA:140,0
LF:20
LH:0
BRDA:24,0,0,0
BRDA:24,0,1,0
BRDA:33,1,0,0
BRDA:33,1,1,0
BRDA:67,2,0,0
BRDA:67,2,1,0
BRDA:68,3,0,0
BRDA:68,3,1,0
BRDA:69,4,0,0
BRDA:69,4,1,0
BRDA:128,5,0,0
BRDA:128,5,1,0
BRDA:133,6,0,0
BRDA:133,6,1,0
BRDA:142,7,0,0
BRDA:142,7,1,0
BRF:16
BRH:0
end_of_record
TN:
SF:src\app\pages\Statistics.tsx
FN:17,Statistics
FN:24,(anonymous_1)
FN:25,(anonymous_2)
FN:25,(anonymous_3)
FN:29,(anonymous_4)
FN:30,(anonymous_5)
FN:34,(anonymous_6)
FN:35,(anonymous_7)
FN:36,(anonymous_8)
FN:37,(anonymous_9)
FN:42,(anonymous_10)
FN:44,(anonymous_11)
FN:48,(anonymous_12)
FN:50,(anonymous_13)
FN:51,(anonymous_14)
FN:52,(anonymous_15)
FN:54,(anonymous_16)
FN:95,(anonymous_17)
FN:106,(anonymous_18)
FN:137,(anonymous_19)
FN:139,(anonymous_20)
FN:140,(anonymous_21)
FN:141,(anonymous_22)
FN:158,(anonymous_23)
FN:159,(anonymous_24)
FN:187,(anonymous_25)
FN:201,(anonymous_26)
FN:203,(anonymous_27)
FN:247,(anonymous_28)
FN:269,(anonymous_29)
FN:291,(anonymous_30)
FN:298,(anonymous_31)
FN:332,(anonymous_32)
FN:337,(anonymous_33)
FNF:34
FNH:0
FNDA:0,Statistics
FNDA:0,(anonymous_1)
FNDA:0,(anonymous_2)
FNDA:0,(anonymous_3)
FNDA:0,(anonymous_4)
FNDA:0,(anonymous_5)
FNDA:0,(anonymous_6)
FNDA:0,(anonymous_7)
FNDA:0,(anonymous_8)
FNDA:0,(anonymous_9)
FNDA:0,(anonymous_10)
FNDA:0,(anonymous_11)
FNDA:0,(anonymous_12)
FNDA:0,(anonymous_13)
FNDA:0,(anonymous_14)
FNDA:0,(anonymous_15)
FNDA:0,(anonymous_16)
FNDA:0,(anonymous_17)
FNDA:0,(anonymous_18)
FNDA:0,(anonymous_19)
FNDA:0,(anonymous_20)
FNDA:0,(anonymous_21)
FNDA:0,(anonymous_22)
FNDA:0,(anonymous_23)
FNDA:0,(anonymous_24)
FNDA:0,(anonymous_25)
FNDA:0,(anonymous_26)
FNDA:0,(anonymous_27)
FNDA:0,(anonymous_28)
FNDA:0,(anonymous_29)
FNDA:0,(anonymous_30)
FNDA:0,(anonymous_31)
FNDA:0,(anonymous_32)
FNDA:0,(anonymous_33)
DA:10,0
DA:11,0
DA:12,0
DA:13,0
DA:18,0
DA:19,0
DA:20,0
DA:23,0
DA:24,0
DA:25,0
DA:28,0
DA:29,0
DA:30,0
DA:33,0
DA:34,0
DA:35,0
DA:36,0
DA:37,0
DA:41,0
DA:42,0
DA:44,0
DA:48,0
DA:50,0
DA:51,0
DA:52,0
DA:54,0
DA:55,0
DA:56,0
DA:57,0
DA:58,0
DA:59,0
DA:62,0
DA:67,0
DA:96,0
DA:106,0
DA:137,0
DA:139,0
DA:140,0
DA:142,0
DA:159,0
DA:188,0
DA:201,0
DA:203,0
DA:248,0
DA:249,0
DA:250,0
DA:270,0
DA:292,0
DA:299,0
DA:300,0
DA:333,0
DA:334,0
DA:335,0
DA:338,0
DA:341,0
LF:55
LH:0
BRDA:24,0,0,0
BRDA:24,0,1,0
BRDA:29,1,0,0
BRDA:29,1,1,0
BRDA:35,2,0,0
BRDA:35,2,1,0
BRDA:36,3,0,0
BRDA:36,3,1,0
BRDA:55,4,0,0
BRDA:55,4,1,0
BRDA:56,5,0,0
BRDA:56,5,1,0
BRDA:57,6,0,0
BRDA:57,6,1,0
BRDA:58,7,0,0
BRDA:58,7,1,0
BRDA:110,8,0,0
BRDA:110,8,1,0
BRDA:114,9,0,0
BRDA:114,9,1,0
BRDA:162,10,0,0
BRDA:162,10,1,0
BRDA:163,11,0,0
BRDA:163,11,1,0
BRDA:173,12,0,0
BRDA:173,12,1,0
BRDA:188,13,0,0
BRDA:188,13,1,0
BRDA:188,14,0,0
BRDA:188,14,1,0
BRDA:270,15,0,0
BRDA:270,15,1,0
BRDA:301,16,0,0
BRDA:301,16,1,0
BRDA:302,17,0,0
BRDA:302,17,1,0
BRDA:314,18,0,0
BRDA:314,18,1,0
BRDA:314,19,0,0
BRDA:314,19,1,0
BRDA:334,20,0,0
BRDA:334,20,1,0
BRDA:338,21,0,0
BRDA:338,21,1,0
BRDA:339,22,0,0
BRDA:339,22,1,0
BRDA:339,23,0,0
BRDA:339,23,1,0
BRDA:339,24,0,0
BRDA:339,24,1,0
BRDA:339,25,0,0
BRDA:339,25,1,0
BRF:52
BRH:0
end_of_record
TN:
SF:src\app\pages\StyleMatcher.tsx
FN:33,calcVybeScore
FN:61,(anonymous_1)
FN:111,ItemPicker
FN:122,(anonymous_3)
FN:132,(anonymous_4)
FN:161,(anonymous_5)
FN:166,(anonymous_6)
FN:167,(anonymous_7)
FN:185,StyleMatcher
FN:190,(anonymous_9)
FN:195,(anonymous_10)
FN:197,(anonymous_11)
FN:198,(anonymous_12)
FN:221,(anonymous_13)
FN:225,(anonymous_14)
FN:259,(anonymous_15)
FN:292,(anonymous_16)
FN:314,(anonymous_17)
FN:355,(anonymous_18)
FN:356,(anonymous_19)
FN:357,(anonymous_20)
FN:362,(anonymous_21)
FNF:22
FNH:0
FNDA:0,calcVybeScore
FNDA:0,(anonymous_1)
FNDA:0,ItemPicker
FNDA:0,(anonymous_3)
FNDA:0,(anonymous_4)
FNDA:0,(anonymous_5)
FNDA:0,(anonymous_6)
FNDA:0,(anonymous_7)
FNDA:0,StyleMatcher
FNDA:0,(anonymous_9)
FNDA:0,(anonymous_10)
FNDA:0,(anonymous_11)
FNDA:0,(anonymous_12)
FNDA:0,(anonymous_13)
FNDA:0,(anonymous_14)
FNDA:0,(anonymous_15)
FNDA:0,(anonymous_16)
FNDA:0,(anonymous_17)
FNDA:0,(anonymous_18)
FNDA:0,(anonymous_19)
FNDA:0,(anonymous_20)
FNDA:0,(anonymous_21)
DA:21,0
DA:29,0
DA:30,0
DA:31,0
DA:34,0
DA:35,0
DA:36,0
DA:37,0
DA:38,0
DA:41,0
DA:42,0
DA:43,0
DA:44,0
DA:45,0
DA:46,0
DA:48,0
DA:49,0
DA:52,0
DA:56,0
DA:57,0
DA:61,0
DA:62,0
DA:63,0
DA:64,0
DA:66,0
DA:70,0
DA:71,0
DA:72,0
DA:73,0
DA:74,0
DA:75,0
DA:77,0
DA:78,0
DA:79,0
DA:80,0
DA:81,0
DA:82,0
DA:83,0
DA:84,0
DA:85,0
DA:86,0
DA:87,0
DA:88,0
DA:90,0
DA:94,0
DA:95,0
DA:96,0
DA:97,0
DA:99,0
DA:102,0
DA:103,0
DA:104,0
DA:105,0
DA:106,0
DA:108,0
DA:119,0
DA:120,0
DA:122,0
DA:123,0
DA:127,0
DA:132,0
DA:161,0
DA:167,0
DA:186,0
DA:187,0
DA:188,0
DA:190,0
DA:191,0
DA:192,0
DA:195,0
DA:197,0
DA:198,0
DA:199,0
DA:200,0
DA:203,0
DA:221,0
DA:225,0
DA:260,0
DA:293,0
DA:315,0
DA:356,0
DA:357,0
DA:358,0
DA:359,0
DA:360,0
DA:362,0
LF:86
LH:0
BRDA:41,0,0,0
BRDA:41,0,1,0
BRDA:44,1,0,0
BRDA:44,1,1,0
BRDA:52,2,0,0
BRDA:52,2,1,0
BRDA:53,3,0,0
BRDA:53,3,1,0
BRDA:53,3,2,0
BRDA:53,3,3,0
BRDA:63,4,0,0
BRDA:63,4,1,0
BRDA:77,5,0,0
BRDA:77,5,1,0
BRDA:77,6,0,0
BRDA:77,6,1,0
BRDA:77,6,2,0
BRDA:77,6,3,0
BRDA:80,7,0,0
BRDA:80,7,1,0
BRDA:80,8,0,0
BRDA:80,8,1,0
BRDA:80,8,2,0
BRDA:83,9,0,0
BRDA:83,9,1,0
BRDA:83,10,0,0
BRDA:83,10,1,0
BRDA:83,10,2,0
BRDA:86,11,0,0
BRDA:86,11,1,0
BRDA:94,12,0,0
BRDA:94,12,1,0
BRDA:94,13,0,0
BRDA:94,13,1,0
BRDA:95,14,0,0
BRDA:95,14,1,0
BRDA:95,15,0,0
BRDA:95,15,1,0
BRDA:96,16,0,0
BRDA:96,16,1,0
BRDA:96,17,0,0
BRDA:96,17,1,0
BRDA:97,18,0,0
BRDA:97,18,1,0
BRDA:97,19,0,0
BRDA:97,19,1,0
BRDA:102,20,0,0
BRDA:102,20,1,0
BRDA:102,21,0,0
BRDA:102,21,1,0
BRDA:103,22,0,0
BRDA:103,22,1,0
BRDA:104,23,0,0
BRDA:104,23,1,0
BRDA:123,24,0,0
BRDA:123,24,1,0
BRDA:135,25,0,0
BRDA:135,25,1,0
BRDA:136,26,0,0
BRDA:136,26,1,0
BRDA:138,27,0,0
BRDA:138,27,1,0
BRDA:152,28,0,0
BRDA:152,28,1,0
BRDA:156,29,0,0
BRDA:156,29,1,0
BRDA:175,30,0,0
BRDA:175,30,1,0
BRDA:191,31,0,0
BRDA:191,31,1,0
BRDA:191,32,0,0
BRDA:191,32,1,0
BRDA:232,33,0,0
BRDA:232,33,1,0
BRDA:232,33,2,0
BRDA:245,34,0,0
BRDA:245,34,1,0
BRDA:245,35,0,0
BRDA:245,35,1,0
BRDA:255,36,0,0
BRDA:255,36,1,0
BRDA:358,37,0,0
BRDA:358,37,1,0
BRDA:358,38,0,0
BRDA:358,38,1,0
BRF:85
BRH:0
end_of_record
TN:
SF:src\app\utils\cookieTracker.ts
FN:6,setCookie
FN:11,getCookie
FN:19,trackPageVisit
FN:24,trackPreferredCategory
FN:29,initSession
FNF:5
FNH:0
FNDA:0,setCookie
FNDA:0,getCookie
FNDA:0,trackPageVisit
FNDA:0,trackPreferredCategory
FNDA:0,initSession
DA:4,0
DA:7,0
DA:8,0
DA:12,0
DA:15,0
DA:20,0
DA:25,0
DA:30,0
DA:31,0
LF:9
LH:0
BRDA:6,0,0,0
BRDA:15,1,0,0
BRDA:15,1,1,0
BRDA:30,2,0,0
BRDA:30,2,1,0
BRF:5
BRH:0
end_of_record
